Using pre-set license
Built from '2020.2/release' branch; Version is '2020.2.4f1 (becced5a802b) revision 12504301'; Using compiler version '192528614'; Build Type 'Release'
OS: 'Windows 10 Pro; OS build 19041.985; Version 2004; 64bit' Language: 'en' Physical Memory: 16332 MB
BatchMode: 1, IsHumanControllingUs: 0, StartBugReporterOnCrash: 0, Is64bit: 1, IsPro: 0

 COMMAND LINE ARGUMENTS:
C:\Program Files\Unity\Hub\Editor\2020.2.4f1\Editor\Unity.exe
-adb2
-batchMode
-noUpm
-name
AssetImportWorker0
-projectPath
D:/UTS/Intro to Game Dev 31263/GitRepository/Assign4Fix
-logFile
Logs/AssetImportWorker0.log
-srvPort
55969
Successfully changed project path to: D:/UTS/Intro to Game Dev 31263/GitRepository/Assign4Fix
D:/UTS/Intro to Game Dev 31263/GitRepository/Assign4Fix
Using Asset Import Pipeline V2.
Refreshing native plugins compatible for Editor in 44.20 ms, found 1 plugins.
Preloading 0 native plugins for Editor in 0.00 ms.
Initialize engine version: 2020.2.4f1 (becced5a802b)
[Subsystems] Discovering subsystems at path C:/Program Files/Unity/Hub/Editor/2020.2.4f1/Editor/Data/Resources/UnitySubsystems
[Subsystems] Discovering subsystems at path D:/UTS/Intro to Game Dev 31263/GitRepository/Assign4Fix/Assets
GfxDevice: creating device client; threaded=0
Direct3D:
    Version:  Direct3D 11.0 [level 11.1]
    Renderer: NVIDIA GeForce GTX 1060 6GB (ID=0x1c03)
    Vendor:   
    VRAM:     6052 MB
    Driver:   27.21.14.6079
Initialize mono
Mono path[0] = 'C:/Program Files/Unity/Hub/Editor/2020.2.4f1/Editor/Data/Managed'
Mono path[1] = 'C:/Program Files/Unity/Hub/Editor/2020.2.4f1/Editor/Data/MonoBleedingEdge/lib/mono/unityjit'
Mono config path = 'C:/Program Files/Unity/Hub/Editor/2020.2.4f1/Editor/Data/MonoBleedingEdge/etc'
Using monoOptions --debugger-agent=transport=dt_socket,embedding=1,server=y,suspend=n,address=127.0.0.1:56788
Begin MonoManager ReloadAssembly
Registering precompiled unity dll's ...
Register platform support module: C:/Program Files/Unity/Hub/Editor/2020.2.4f1/Editor/Data/PlaybackEngines/WebGLSupport/UnityEditor.WebGL.Extensions.dll
Register platform support module: C:/Program Files/Unity/Hub/Editor/2020.2.4f1/Editor/Data/PlaybackEngines/WindowsStandaloneSupport/UnityEditor.WindowsStandalone.Extensions.dll
Registered in 0.003575 seconds.
Native extension for WindowsStandalone target not found
Native extension for WebGL target not found
Refreshing native plugins compatible for Editor in 45.51 ms, found 1 plugins.
Preloading 0 native plugins for Editor in 0.00 ms.
Invoked RoslynAnalysisRunner static constructor.
RoslynAnalysisRunner will not be running.
RoslynAnalysisRunner has terminated.
Mono: successfully reloaded assembly
- Completed reload, in  1.520 seconds
Platform modules already initialized, skipping
Registering precompiled user dll's ...
Registered in 0.000925 seconds.
Begin MonoManager ReloadAssembly
Native extension for WindowsStandalone target not found
Native extension for WebGL target not found
Refreshing native plugins compatible for Editor in 49.84 ms, found 1 plugins.
Preloading 0 native plugins for Editor in 0.00 ms.
Invoked RoslynAnalysisRunner static constructor.
RoslynAnalysisRunner will not be running.
RoslynAnalysisRunner has terminated.
Mono: successfully reloaded assembly
- Completed reload, in  1.265 seconds
Platform modules already initialized, skipping
========================================================================
Worker process is ready to serve import requests
Launched and connected shader compiler UnityShaderCompiler.exe after 0.07 seconds
Refreshing native plugins compatible for Editor in 0.44 ms, found 1 plugins.
Preloading 0 native plugins for Editor in 0.00 ms.
Unloading 1966 Unused Serialized files (Serialized files now loaded: 0)
System memory in use before: 91.5 MB.
System memory in use after: 91.6 MB.

Unloading 20 unused Assets to reduce memory usage. Loaded Objects now: 2414.
Total: 2.767300 ms (FindLiveObjects: 0.253600 ms CreateObjectMapping: 0.056400 ms MarkObjects: 2.364000 ms  DeleteObjects: 0.090800 ms)

========================================================================
Received Import Request.
  path: Assets/Scenes/Level3.unity
  artifactKey: Guid(d9aec9e8ef7b12544ae922c65794b749) Importer(815301076,1909f56bfc062723c751e8b465ee728b)
Start importing Assets/Scenes/Level3.unity using Guid(d9aec9e8ef7b12544ae922c65794b749) Importer(815301076,1909f56bfc062723c751e8b465ee728b)  -> (artifact id: '3e00d6ec711400f1200207087f66c1f1') in 0.019926 seconds
  Import took 0.031036 seconds .

========================================================================
Received Import Request.
  Time since last request: 0.000870 seconds.
  path: Assets/Scenes/Level1.unity
  artifactKey: Guid(c8b8255e05103214ab268f151f5048ec) Importer(815301076,1909f56bfc062723c751e8b465ee728b)
Start importing Assets/Scenes/Level1.unity using Guid(c8b8255e05103214ab268f151f5048ec) Importer(815301076,1909f56bfc062723c751e8b465ee728b)  -> (artifact id: 'a5d03767a9e8f6ed98af0ff9f0eff948') in 0.006487 seconds
  Import took 0.009888 seconds .

========================================================================
Received Import Request.
  Time since last request: 0.000641 seconds.
  path: Assets/Scenes/Level4.unity
  artifactKey: Guid(b4dc55a55f08de3419890ed1de32ab2d) Importer(815301076,1909f56bfc062723c751e8b465ee728b)
Start importing Assets/Scenes/Level4.unity using Guid(b4dc55a55f08de3419890ed1de32ab2d) Importer(815301076,1909f56bfc062723c751e8b465ee728b)  -> (artifact id: 'e32f4d8f56e5594af54792b4587b42ab') in 0.006754 seconds
  Import took 0.010705 seconds .

========================================================================
Received Import Request.
  Time since last request: 0.707856 seconds.
  path: Assets/Scenes/Level5.unity
  artifactKey: Guid(4d18c4a700d93124dae260fd488217c9) Importer(815301076,1909f56bfc062723c751e8b465ee728b)
Start importing Assets/Scenes/Level5.unity using Guid(4d18c4a700d93124dae260fd488217c9) Importer(815301076,1909f56bfc062723c751e8b465ee728b)  -> (artifact id: '930d612b78c4d5d0c8fe5810e33e3dd0') in 0.006725 seconds
  Import took 0.024255 seconds .

========================================================================
Received Import Request.
  Time since last request: 0.900115 seconds.
  path: Assets/Scenes/Level6.unity
  artifactKey: Guid(c640f9f3634ca28469598ad51c49ac6d) Importer(815301076,1909f56bfc062723c751e8b465ee728b)
Start importing Assets/Scenes/Level6.unity using Guid(c640f9f3634ca28469598ad51c49ac6d) Importer(815301076,1909f56bfc062723c751e8b465ee728b)  -> (artifact id: '0caf61ed69356f679508ed6b901cd1d3') in 0.006795 seconds
  Import took 0.017123 seconds .

========================================================================
Received Import Request.
  Time since last request: 1.214232 seconds.
  path: Assets/Scenes/LevelSelect.unity
  artifactKey: Guid(c2dce8a4c3e35fd4dbe699a595bcbe53) Importer(815301076,1909f56bfc062723c751e8b465ee728b)
Start importing Assets/Scenes/LevelSelect.unity using Guid(c2dce8a4c3e35fd4dbe699a595bcbe53) Importer(815301076,1909f56bfc062723c751e8b465ee728b)  -> (artifact id: '9ca802721e84f51703323290cdc18aaa') in 0.007533 seconds
  Import took 0.010857 seconds .

========================================================================
Received Prepare
Registering precompiled user dll's ...
Registered in 0.001361 seconds.
Begin MonoManager ReloadAssembly
Native extension for WindowsStandalone target not found
Native extension for WebGL target not found
Refreshing native plugins compatible for Editor in 0.44 ms, found 1 plugins.
Preloading 0 native plugins for Editor in 0.00 ms.
Invoked RoslynAnalysisRunner static constructor.
RoslynAnalysisRunner will not be running.
RoslynAnalysisRunner has terminated.
Mono: successfully reloaded assembly
- Completed reload, in  1.076 seconds
Platform modules already initialized, skipping
Refreshing native plugins compatible for Editor in 0.41 ms, found 1 plugins.
Preloading 0 native plugins for Editor in 0.00 ms.
Unloading 1941 Unused Serialized files (Serialized files now loaded: 0)
System memory in use before: 90.0 MB.
System memory in use after: 90.1 MB.

Unloading 8 unused Assets to reduce memory usage. Loaded Objects now: 2417.
Total: 2.507500 ms (FindLiveObjects: 0.258200 ms CreateObjectMapping: 0.052700 ms MarkObjects: 2.171600 ms  DeleteObjects: 0.023100 ms)

========================================================================
Received Import Request.
  Time since last request: 190.745472 seconds.
  path: Assets/Scripts/Teleportation.cs
  artifactKey: Guid(48a47cfa42a65f442a414e8dcbe2c63c) Importer(815301076,1909f56bfc062723c751e8b465ee728b)
Start importing Assets/Scripts/Teleportation.cs using Guid(48a47cfa42a65f442a414e8dcbe2c63c) Importer(815301076,1909f56bfc062723c751e8b465ee728b)  -> (artifact id: '851e6034793ad6d9034c8254fd99e2d5') in 0.043656 seconds
  Import took 0.067051 seconds .

========================================================================
Received Import Request.
  Time since last request: 1.614452 seconds.
  path: Assets/Scripts/Core/PlayerMovement.cs
  artifactKey: Guid(e8ec87e1ffefa564fa572e242902f7be) Importer(815301076,1909f56bfc062723c751e8b465ee728b)
Start importing Assets/Scripts/Core/PlayerMovement.cs using Guid(e8ec87e1ffefa564fa572e242902f7be) Importer(815301076,1909f56bfc062723c751e8b465ee728b)  -> (artifact id: '6c5d78915a3da4df4bb56b105adae63e') in 0.006063 seconds
  Import took 0.024917 seconds .

========================================================================
Received Import Request.
  Time since last request: 0.011178 seconds.
  path: Assets/Scripts/Core/PlayerMovement.cs
  artifactKey: Guid(e8ec87e1ffefa564fa572e242902f7be) Importer(815301076,1909f56bfc062723c751e8b465ee728b)
Start importing Assets/Scripts/Core/PlayerMovement.cs using Guid(e8ec87e1ffefa564fa572e242902f7be) Importer(815301076,1909f56bfc062723c751e8b465ee728b)  -> (artifact id: '6c5d78915a3da4df4bb56b105adae63e') in 0.001965 seconds
  Import took 0.005330 seconds .

========================================================================
Received Import Request.
  Time since last request: 0.380285 seconds.
  path: Assets/Scripts/Core/MovePlatformv2.cs
  artifactKey: Guid(651c3872ff9999246a9110780e736b42) Importer(815301076,1909f56bfc062723c751e8b465ee728b)
Start importing Assets/Scripts/Core/MovePlatformv2.cs using Guid(651c3872ff9999246a9110780e736b42) Importer(815301076,1909f56bfc062723c751e8b465ee728b)  -> (artifact id: 'f7c695a36f83604b582f7608bba57e59') in 0.006529 seconds
  Import took 0.010205 seconds .

========================================================================
Received Import Request.
  Time since last request: 0.002362 seconds.
  path: Assets/Scripts/Core/MovePlatformv2.cs
  artifactKey: Guid(651c3872ff9999246a9110780e736b42) Importer(815301076,1909f56bfc062723c751e8b465ee728b)
Start importing Assets/Scripts/Core/MovePlatformv2.cs using Guid(651c3872ff9999246a9110780e736b42) Importer(815301076,1909f56bfc062723c751e8b465ee728b)  -> (artifact id: 'f7c695a36f83604b582f7608bba57e59') in 0.001849 seconds
  Import took 0.005045 seconds .

========================================================================
Received Import Request.
  Time since last request: 0.390469 seconds.
  path: Assets/Scripts/Core/MovePlatform.cs
  artifactKey: Guid(1aa522fdcdc2c0c4ca75982501cfe01f) Importer(815301076,1909f56bfc062723c751e8b465ee728b)
Start importing Assets/Scripts/Core/MovePlatform.cs using Guid(1aa522fdcdc2c0c4ca75982501cfe01f) Importer(815301076,1909f56bfc062723c751e8b465ee728b)  -> (artifact id: 'd0fe81e06a587191e7fdf2e8fabae551') in 0.006369 seconds
  Import took 0.009827 seconds .

========================================================================
Received Import Request.
  Time since last request: 0.003147 seconds.
  path: Assets/Scripts/Core/MovePlatform.cs
  artifactKey: Guid(1aa522fdcdc2c0c4ca75982501cfe01f) Importer(815301076,1909f56bfc062723c751e8b465ee728b)
Start importing Assets/Scripts/Core/MovePlatform.cs using Guid(1aa522fdcdc2c0c4ca75982501cfe01f) Importer(815301076,1909f56bfc062723c751e8b465ee728b)  -> (artifact id: 'd0fe81e06a587191e7fdf2e8fabae551') in 0.015695 seconds
  Import took 0.018900 seconds .

========================================================================
Received Import Request.
  Time since last request: 2.769602 seconds.
  path: Assets/Prefab/EventSystem.prefab
  artifactKey: Guid(39dd6bd812ca6bc4d9b65e3125ae9bcd) Importer(815301076,1909f56bfc062723c751e8b465ee728b)
Start importing Assets/Prefab/EventSystem.prefab using Guid(39dd6bd812ca6bc4d9b65e3125ae9bcd) Importer(815301076,1909f56bfc062723c751e8b465ee728b)  -> (artifact id: 'fd4f79caa85c75d3f36447650fd15eb1') in 0.037129 seconds
  Import took 0.040500 seconds .

========================================================================
Received Import Request.
  Time since last request: 0.000266 seconds.
  path: Assets/Prefab/Exit.prefab
  artifactKey: Guid(87d8bb5a163ae744189a84ff06e26ac1) Importer(815301076,1909f56bfc062723c751e8b465ee728b)
Start importing Assets/Prefab/Exit.prefab using Guid(87d8bb5a163ae744189a84ff06e26ac1) Importer(815301076,1909f56bfc062723c751e8b465ee728b)  -> (artifact id: 'ebf1d9cdeb29585557c12f6755fc8f58') in 0.075109 seconds
  Import took 0.078741 seconds .

========================================================================
Received Import Request.
  Time since last request: 0.000195 seconds.
  path: Assets/Prefab/Player.prefab
  artifactKey: Guid(364e8a1bc20cd9845bc35b500b0d02e3) Importer(815301076,1909f56bfc062723c751e8b465ee728b)
Start importing Assets/Prefab/Player.prefab using Guid(364e8a1bc20cd9845bc35b500b0d02e3) Importer(815301076,1909f56bfc062723c751e8b465ee728b)  -> (artifact id: '5c3d89b65dc9f72f3807e6e7cbdb5a94') in 0.014782 seconds
  Import took 0.153057 seconds .

========================================================================
Received Import Request.
  Time since last request: 0.000231 seconds.
  path: Assets/Prefab/GameScreen.prefab
  artifactKey: Guid(806c4d9ffcff013439ddb4b8c2140d16) Importer(815301076,1909f56bfc062723c751e8b465ee728b)
Start importing Assets/Prefab/GameScreen.prefab using Guid(806c4d9ffcff013439ddb4b8c2140d16) Importer(815301076,1909f56bfc062723c751e8b465ee728b)  -> (artifact id: 'c8cb5d154c94bf392f4a2cf300bb306b') in 0.028971 seconds
  Import took 0.032397 seconds .

========================================================================
Received Import Request.
  Time since last request: 0.003122 seconds.
  path: Assets/Prefab/GameScreen.prefab
  artifactKey: Guid(806c4d9ffcff013439ddb4b8c2140d16) Importer(815301076,1909f56bfc062723c751e8b465ee728b)
Start importing Assets/Prefab/GameScreen.prefab using Guid(806c4d9ffcff013439ddb4b8c2140d16) Importer(815301076,1909f56bfc062723c751e8b465ee728b)  -> (artifact id: 'c8cb5d154c94bf392f4a2cf300bb306b') in 0.004207 seconds
  Import took 0.007985 seconds .

========================================================================
Received Import Request.
  Time since last request: 0.524303 seconds.
  path: Assets/MenuBackground.png
  artifactKey: Guid(285475293fbd4744fb20652666ed62f6) Importer(815301076,1909f56bfc062723c751e8b465ee728b)
Start importing Assets/MenuBackground.png using Guid(285475293fbd4744fb20652666ed62f6) Importer(815301076,1909f56bfc062723c751e8b465ee728b)  -> (artifact id: '1073ec57bf853813c4b30c09fff21185') in 0.086193 seconds
  Import took 0.097699 seconds .

========================================================================
Received Import Request.
  Time since last request: 0.005918 seconds.
  path: Assets/MenuBackground.png
  artifactKey: Guid(285475293fbd4744fb20652666ed62f6) Importer(815301076,1909f56bfc062723c751e8b465ee728b)
Start importing Assets/MenuBackground.png using Guid(285475293fbd4744fb20652666ed62f6) Importer(815301076,1909f56bfc062723c751e8b465ee728b)  -> (artifact id: '1073ec57bf853813c4b30c09fff21185') in 0.009431 seconds
  Import took 0.012784 seconds .

========================================================================
Received Import Request.
  Time since last request: 194.621107 seconds.
  path: Assets/Scripts/Core/DroppingObj.cs
  artifactKey: Guid(d439b802c77228a4bbb8d2c14977d9bb) Importer(815301076,1909f56bfc062723c751e8b465ee728b)
Start importing Assets/Scripts/Core/DroppingObj.cs using Guid(d439b802c77228a4bbb8d2c14977d9bb) Importer(815301076,1909f56bfc062723c751e8b465ee728b)  -> (artifact id: '4ac44209871ac584d5de11140387aff0') in 0.006962 seconds
  Import took 0.010558 seconds .

========================================================================
Received Prepare
Registering precompiled user dll's ...
Registered in 0.000945 seconds.
Begin MonoManager ReloadAssembly
Native extension for WindowsStandalone target not found
Native extension for WebGL target not found
Refreshing native plugins compatible for Editor in 0.42 ms, found 1 plugins.
Preloading 0 native plugins for Editor in 0.00 ms.
Invoked RoslynAnalysisRunner static constructor.
RoslynAnalysisRunner will not be running.
RoslynAnalysisRunner has terminated.
Mono: successfully reloaded assembly
- Completed reload, in  1.059 seconds
Platform modules already initialized, skipping
Refreshing native plugins compatible for Editor in 0.43 ms, found 1 plugins.
Preloading 0 native plugins for Editor in 0.00 ms.
Unloading 1942 Unused Serialized files (Serialized files now loaded: 0)
System memory in use before: 93.2 MB.
System memory in use after: 93.3 MB.

Unloading 9 unused Assets to reduce memory usage. Loaded Objects now: 2433.
Total: 2.726100 ms (FindLiveObjects: 0.379200 ms CreateObjectMapping: 0.116600 ms MarkObjects: 2.200800 ms  DeleteObjects: 0.027100 ms)

========================================================================
Received Import Request.
  Time since last request: 58.193748 seconds.
  path: Assets/Scripts/Core/DroppingObj.cs
  artifactKey: Guid(d439b802c77228a4bbb8d2c14977d9bb) Importer(815301076,1909f56bfc062723c751e8b465ee728b)
Start importing Assets/Scripts/Core/DroppingObj.cs using Guid(d439b802c77228a4bbb8d2c14977d9bb) Importer(815301076,1909f56bfc062723c751e8b465ee728b)  -> (artifact id: 'b1262eea140ea4d19aa3691427c9c04c') in 0.005255 seconds
  Import took 0.008697 seconds .

========================================================================
Received Prepare
Registering precompiled user dll's ...
Registered in 0.000899 seconds.
Begin MonoManager ReloadAssembly
Native extension for WindowsStandalone target not found
Native extension for WebGL target not found
Refreshing native plugins compatible for Editor in 0.45 ms, found 1 plugins.
Preloading 0 native plugins for Editor in 0.00 ms.
Invoked RoslynAnalysisRunner static constructor.
RoslynAnalysisRunner will not be running.
RoslynAnalysisRunner has terminated.
Mono: successfully reloaded assembly
- Completed reload, in  1.057 seconds
Platform modules already initialized, skipping
Refreshing native plugins compatible for Editor in 0.59 ms, found 1 plugins.
Preloading 0 native plugins for Editor in 0.00 ms.
Unloading 1942 Unused Serialized files (Serialized files now loaded: 0)
System memory in use before: 93.2 MB.
System memory in use after: 93.4 MB.

Unloading 8 unused Assets to reduce memory usage. Loaded Objects now: 2436.
Total: 2.276400 ms (FindLiveObjects: 0.241500 ms CreateObjectMapping: 0.049600 ms MarkObjects: 1.966500 ms  DeleteObjects: 0.017100 ms)

========================================================================
Received Import Request.
  Time since last request: 78.491931 seconds.
  path: Assets/Prefab/RedBlock.prefab
  artifactKey: Guid(e9582726bf43ee04fad9b2d49d27560c) Importer(815301076,1909f56bfc062723c751e8b465ee728b)
Start importing Assets/Prefab/RedBlock.prefab using Guid(e9582726bf43ee04fad9b2d49d27560c) Importer(815301076,1909f56bfc062723c751e8b465ee728b)  -> (artifact id: 'ba3f8abf20c472c427ed5246e58603ed') in 0.066414 seconds
  Import took 0.069971 seconds .

========================================================================
Received Prepare
Registering precompiled user dll's ...
Registered in 0.001241 seconds.
Begin MonoManager ReloadAssembly
Native extension for WindowsStandalone target not found
Native extension for WebGL target not found
Refreshing native plugins compatible for Editor in 0.68 ms, found 1 plugins.
Preloading 0 native plugins for Editor in 0.00 ms.
Invoked RoslynAnalysisRunner static constructor.
RoslynAnalysisRunner will not be running.
RoslynAnalysisRunner has terminated.
Mono: successfully reloaded assembly
- Completed reload, in  1.060 seconds
Platform modules already initialized, skipping
Refreshing native plugins compatible for Editor in 0.41 ms, found 1 plugins.
Preloading 0 native plugins for Editor in 0.00 ms.
Unloading 1943 Unused Serialized files (Serialized files now loaded: 0)
System memory in use before: 93.3 MB.
System memory in use after: 93.4 MB.

Unloading 8 unused Assets to reduce memory usage. Loaded Objects now: 2441.
Total: 2.093400 ms (FindLiveObjects: 0.221900 ms CreateObjectMapping: 0.050700 ms MarkObjects: 1.804200 ms  DeleteObjects: 0.015300 ms)

========================================================================
Received Import Request.
  Time since last request: 72.608239 seconds.
  path: Assets/Scripts/Core/DeleteObj.cs
  artifactKey: Guid(15d86a1c8b59566498df50d3ab9f41e6) Importer(815301076,1909f56bfc062723c751e8b465ee728b)
Start importing Assets/Scripts/Core/DeleteObj.cs using Guid(15d86a1c8b59566498df50d3ab9f41e6) Importer(815301076,1909f56bfc062723c751e8b465ee728b)  -> (artifact id: 'aa451527bb234fd57839e1f65b2a5383') in 0.009556 seconds
  Import took 0.012922 seconds .

========================================================================
Received Prepare
Registering precompiled user dll's ...
Registered in 0.000913 seconds.
Begin MonoManager ReloadAssembly
Native extension for WindowsStandalone target not found
Native extension for WebGL target not found
Refreshing native plugins compatible for Editor in 0.43 ms, found 1 plugins.
Preloading 0 native plugins for Editor in 0.00 ms.
Invoked RoslynAnalysisRunner static constructor.
RoslynAnalysisRunner will not be running.
RoslynAnalysisRunner has terminated.
Mono: successfully reloaded assembly
- Completed reload, in  1.042 seconds
Platform modules already initialized, skipping
Refreshing native plugins compatible for Editor in 0.42 ms, found 1 plugins.
Preloading 0 native plugins for Editor in 0.00 ms.
Unloading 1943 Unused Serialized files (Serialized files now loaded: 0)
System memory in use before: 93.3 MB.
System memory in use after: 93.4 MB.

Unloading 8 unused Assets to reduce memory usage. Loaded Objects now: 2444.
Total: 2.092400 ms (FindLiveObjects: 0.282300 ms CreateObjectMapping: 0.059700 ms MarkObjects: 1.732800 ms  DeleteObjects: 0.016500 ms)

========================================================================
Received Prepare
Registering precompiled user dll's ...
Registered in 0.000920 seconds.
Begin MonoManager ReloadAssembly
Native extension for WindowsStandalone target not found
Native extension for WebGL target not found
Refreshing native plugins compatible for Editor in 0.41 ms, found 1 plugins.
Preloading 0 native plugins for Editor in 0.00 ms.
Invoked RoslynAnalysisRunner static constructor.
RoslynAnalysisRunner will not be running.
RoslynAnalysisRunner has terminated.
Mono: successfully reloaded assembly
- Completed reload, in  1.019 seconds
Platform modules already initialized, skipping
Refreshing native plugins compatible for Editor in 0.41 ms, found 1 plugins.
Preloading 0 native plugins for Editor in 0.00 ms.
Unloading 1943 Unused Serialized files (Serialized files now loaded: 0)
System memory in use before: 93.3 MB.
System memory in use after: 93.4 MB.

Unloading 8 unused Assets to reduce memory usage. Loaded Objects now: 2447.
Total: 2.409900 ms (FindLiveObjects: 0.350600 ms CreateObjectMapping: 0.080600 ms MarkObjects: 1.957500 ms  DeleteObjects: 0.019800 ms)

========================================================================
Received Import Request.
  Time since last request: 29.639843 seconds.
  path: Assets/Scripts/Core/DeleteObj.cs
  artifactKey: Guid(15d86a1c8b59566498df50d3ab9f41e6) Importer(815301076,1909f56bfc062723c751e8b465ee728b)
Start importing Assets/Scripts/Core/DeleteObj.cs using Guid(15d86a1c8b59566498df50d3ab9f41e6) Importer(815301076,1909f56bfc062723c751e8b465ee728b)  -> (artifact id: 'aa3b40b95043135e6559f265433d9f64') in 0.005027 seconds
  Import took 0.008417 seconds .

========================================================================
Received Prepare
Registering precompiled user dll's ...
Registered in 0.000957 seconds.
Begin MonoManager ReloadAssembly
Native extension for WindowsStandalone target not found
Native extension for WebGL target not found
Refreshing native plugins compatible for Editor in 0.42 ms, found 1 plugins.
Preloading 0 native plugins for Editor in 0.00 ms.
Invoked RoslynAnalysisRunner static constructor.
RoslynAnalysisRunner will not be running.
RoslynAnalysisRunner has terminated.
Mono: successfully reloaded assembly
- Completed reload, in  1.065 seconds
Platform modules already initialized, skipping
Refreshing native plugins compatible for Editor in 0.43 ms, found 1 plugins.
Preloading 0 native plugins for Editor in 0.00 ms.
Unloading 1943 Unused Serialized files (Serialized files now loaded: 0)
System memory in use before: 93.3 MB.
System memory in use after: 93.4 MB.

Unloading 8 unused Assets to reduce memory usage. Loaded Objects now: 2450.
Total: 2.347500 ms (FindLiveObjects: 0.248100 ms CreateObjectMapping: 0.052400 ms MarkObjects: 2.024100 ms  DeleteObjects: 0.020800 ms)

========================================================================
Received Prepare
Registering precompiled user dll's ...
Registered in 0.000927 seconds.
Begin MonoManager ReloadAssembly
Native extension for WindowsStandalone target not found
Native extension for WebGL target not found
Refreshing native plugins compatible for Editor in 0.42 ms, found 1 plugins.
Preloading 0 native plugins for Editor in 0.00 ms.
Invoked RoslynAnalysisRunner static constructor.
RoslynAnalysisRunner will not be running.
RoslynAnalysisRunner has terminated.
Mono: successfully reloaded assembly
- Completed reload, in  1.021 seconds
Platform modules already initialized, skipping
Refreshing native plugins compatible for Editor in 0.40 ms, found 1 plugins.
Preloading 0 native plugins for Editor in 0.00 ms.
Unloading 1943 Unused Serialized files (Serialized files now loaded: 0)
System memory in use before: 93.3 MB.
System memory in use after: 93.4 MB.

Unloading 8 unused Assets to reduce memory usage. Loaded Objects now: 2453.
Total: 2.627700 ms (FindLiveObjects: 0.378400 ms CreateObjectMapping: 0.105300 ms MarkObjects: 2.123000 ms  DeleteObjects: 0.019400 ms)

========================================================================
Received Prepare
Registering precompiled user dll's ...
Registered in 0.001010 seconds.
Begin MonoManager ReloadAssembly
Native extension for WindowsStandalone target not found
Native extension for WebGL target not found
Refreshing native plugins compatible for Editor in 0.49 ms, found 1 plugins.
Preloading 0 native plugins for Editor in 0.00 ms.
Invoked RoslynAnalysisRunner static constructor.
RoslynAnalysisRunner will not be running.
RoslynAnalysisRunner has terminated.
Mono: successfully reloaded assembly
- Completed reload, in  1.010 seconds
Platform modules already initialized, skipping
Refreshing native plugins compatible for Editor in 0.40 ms, found 1 plugins.
Preloading 0 native plugins for Editor in 0.00 ms.
Unloading 1943 Unused Serialized files (Serialized files now loaded: 0)
System memory in use before: 93.3 MB.
System memory in use after: 93.5 MB.

Unloading 8 unused Assets to reduce memory usage. Loaded Objects now: 2456.
Total: 2.276800 ms (FindLiveObjects: 0.227600 ms CreateObjectMapping: 0.051800 ms MarkObjects: 1.975200 ms  DeleteObjects: 0.020700 ms)

========================================================================
Received Prepare
Registering precompiled user dll's ...
Registered in 0.000951 seconds.
Begin MonoManager ReloadAssembly
Native extension for WindowsStandalone target not found
Native extension for WebGL target not found
Refreshing native plugins compatible for Editor in 0.44 ms, found 1 plugins.
Preloading 0 native plugins for Editor in 0.00 ms.
Invoked RoslynAnalysisRunner static constructor.
RoslynAnalysisRunner will not be running.
RoslynAnalysisRunner has terminated.
Mono: successfully reloaded assembly
- Completed reload, in  1.023 seconds
Platform modules already initialized, skipping
Refreshing native plugins compatible for Editor in 0.38 ms, found 1 plugins.
Preloading 0 native plugins for Editor in 0.00 ms.
Unloading 1943 Unused Serialized files (Serialized files now loaded: 0)
System memory in use before: 93.3 MB.
System memory in use after: 93.5 MB.

Unloading 8 unused Assets to reduce memory usage. Loaded Objects now: 2459.
Total: 2.072900 ms (FindLiveObjects: 0.240500 ms CreateObjectMapping: 0.048600 ms MarkObjects: 1.767400 ms  DeleteObjects: 0.015400 ms)

========================================================================
Received Import Request.
  Time since last request: 272.704924 seconds.
  path: Assets/Prefab/RedBlock.prefab
  artifactKey: Guid(e9582726bf43ee04fad9b2d49d27560c) Importer(815301076,1909f56bfc062723c751e8b465ee728b)
Start importing Assets/Prefab/RedBlock.prefab using Guid(e9582726bf43ee04fad9b2d49d27560c) Importer(815301076,1909f56bfc062723c751e8b465ee728b)  -> (artifact id: '9d5e9c4111fcce261e37814f77a84208') in 0.064301 seconds
  Import took 0.067945 seconds .

========================================================================
Received Import Request.
  Time since last request: 0.081675 seconds.
  path: Assets/Prefab/RedBlock.prefab
  artifactKey: Guid(e9582726bf43ee04fad9b2d49d27560c) Importer(815301076,1909f56bfc062723c751e8b465ee728b)
Start importing Assets/Prefab/RedBlock.prefab using Guid(e9582726bf43ee04fad9b2d49d27560c) Importer(815301076,1909f56bfc062723c751e8b465ee728b)  -> (artifact id: '9d5e9c4111fcce261e37814f77a84208') in 0.008972 seconds
  Import took 0.013206 seconds .

========================================================================
Received Prepare
Registering precompiled user dll's ...
Registered in 0.000886 seconds.
Begin MonoManager ReloadAssembly
Native extension for WindowsStandalone target not found
Native extension for WebGL target not found
Refreshing native plugins compatible for Editor in 0.41 ms, found 1 plugins.
Preloading 0 native plugins for Editor in 0.00 ms.
Invoked RoslynAnalysisRunner static constructor.
RoslynAnalysisRunner will not be running.
RoslynAnalysisRunner has terminated.
Mono: successfully reloaded assembly
- Completed reload, in  1.000 seconds
Platform modules already initialized, skipping
Refreshing native plugins compatible for Editor in 0.42 ms, found 1 plugins.
Preloading 0 native plugins for Editor in 0.00 ms.
Unloading 1943 Unused Serialized files (Serialized files now loaded: 0)
System memory in use before: 93.4 MB.
System memory in use after: 93.5 MB.

Unloading 8 unused Assets to reduce memory usage. Loaded Objects now: 2463.
Total: 2.101100 ms (FindLiveObjects: 0.223000 ms CreateObjectMapping: 0.050600 ms MarkObjects: 1.810500 ms  DeleteObjects: 0.015600 ms)

========================================================================
Received Prepare
Registering precompiled user dll's ...
Registered in 0.000890 seconds.
Begin MonoManager ReloadAssembly
Native extension for WindowsStandalone target not found
Native extension for WebGL target not found
Refreshing native plugins compatible for Editor in 0.46 ms, found 1 plugins.
Preloading 0 native plugins for Editor in 0.00 ms.
Invoked RoslynAnalysisRunner static constructor.
RoslynAnalysisRunner will not be running.
RoslynAnalysisRunner has terminated.
Mono: successfully reloaded assembly
- Completed reload, in  1.041 seconds
Platform modules already initialized, skipping
Refreshing native plugins compatible for Editor in 0.41 ms, found 1 plugins.
Preloading 0 native plugins for Editor in 0.00 ms.
Unloading 1943 Unused Serialized files (Serialized files now loaded: 0)
System memory in use before: 93.4 MB.
System memory in use after: 93.5 MB.

Unloading 8 unused Assets to reduce memory usage. Loaded Objects now: 2466.
Total: 2.163200 ms (FindLiveObjects: 0.226200 ms CreateObjectMapping: 0.049500 ms MarkObjects: 1.867800 ms  DeleteObjects: 0.018500 ms)

========================================================================
Received Import Request.
  Time since last request: 117.214910 seconds.
  path: Assets/Prefab/RedBlock.prefab
  artifactKey: Guid(e9582726bf43ee04fad9b2d49d27560c) Importer(815301076,1909f56bfc062723c751e8b465ee728b)
Start importing Assets/Prefab/RedBlock.prefab using Guid(e9582726bf43ee04fad9b2d49d27560c) Importer(815301076,1909f56bfc062723c751e8b465ee728b)  -> (artifact id: '65cc1cc0aff81d71ffe798fe478a48ea') in 0.060286 seconds
  Import took 0.063763 seconds .

========================================================================
Received Prepare
Registering precompiled user dll's ...
Registered in 0.000973 seconds.
Begin MonoManager ReloadAssembly
Native extension for WindowsStandalone target not found
Native extension for WebGL target not found
Refreshing native plugins compatible for Editor in 0.41 ms, found 1 plugins.
Preloading 0 native plugins for Editor in 0.00 ms.
Invoked RoslynAnalysisRunner static constructor.
RoslynAnalysisRunner will not be running.
RoslynAnalysisRunner has terminated.
Mono: successfully reloaded assembly
- Completed reload, in  1.041 seconds
Platform modules already initialized, skipping
Refreshing native plugins compatible for Editor in 0.40 ms, found 1 plugins.
Preloading 0 native plugins for Editor in 0.00 ms.
Unloading 1943 Unused Serialized files (Serialized files now loaded: 0)
System memory in use before: 93.4 MB.
System memory in use after: 93.5 MB.

Unloading 8 unused Assets to reduce memory usage. Loaded Objects now: 2470.
Total: 2.336100 ms (FindLiveObjects: 0.301900 ms CreateObjectMapping: 0.054800 ms MarkObjects: 1.958600 ms  DeleteObjects: 0.019100 ms)

========================================================================
Received Import Request.
  Time since last request: 20.053505 seconds.
  path: Assets/Prefab/RedBlock.prefab
  artifactKey: Guid(e9582726bf43ee04fad9b2d49d27560c) Importer(815301076,1909f56bfc062723c751e8b465ee728b)
Start importing Assets/Prefab/RedBlock.prefab using Guid(e9582726bf43ee04fad9b2d49d27560c) Importer(815301076,1909f56bfc062723c751e8b465ee728b)  -> (artifact id: '8dda727fdc37299e46a463230b96ad42') in 0.064914 seconds
  Import took 0.068556 seconds .

========================================================================
Received Prepare
Registering precompiled user dll's ...
Registered in 0.000919 seconds.
Begin MonoManager ReloadAssembly
Native extension for WindowsStandalone target not found
Native extension for WebGL target not found
Refreshing native plugins compatible for Editor in 0.44 ms, found 1 plugins.
Preloading 0 native plugins for Editor in 0.00 ms.
Invoked RoslynAnalysisRunner static constructor.
RoslynAnalysisRunner will not be running.
RoslynAnalysisRunner has terminated.
Mono: successfully reloaded assembly
- Completed reload, in  1.006 seconds
Platform modules already initialized, skipping
Refreshing native plugins compatible for Editor in 0.40 ms, found 1 plugins.
Preloading 0 native plugins for Editor in 0.00 ms.
Unloading 1943 Unused Serialized files (Serialized files now loaded: 0)
System memory in use before: 93.4 MB.
System memory in use after: 93.5 MB.

Unloading 8 unused Assets to reduce memory usage. Loaded Objects now: 2474.
Total: 2.202800 ms (FindLiveObjects: 0.293700 ms CreateObjectMapping: 0.047500 ms MarkObjects: 1.845500 ms  DeleteObjects: 0.015000 ms)

========================================================================
Received Import Request.
  Time since last request: 13.833131 seconds.
  path: Assets/Prefab/RedBlock.prefab
  artifactKey: Guid(e9582726bf43ee04fad9b2d49d27560c) Importer(815301076,1909f56bfc062723c751e8b465ee728b)
Start importing Assets/Prefab/RedBlock.prefab using Guid(e9582726bf43ee04fad9b2d49d27560c) Importer(815301076,1909f56bfc062723c751e8b465ee728b)  -> (artifact id: '7a898c4637c7b5358145e15192c56c20') in 0.056517 seconds
  Import took 0.072358 seconds .

========================================================================
Received Import Request.
  Time since last request: 0.081642 seconds.
  path: Assets/Prefab/RedBlock.prefab
  artifactKey: Guid(e9582726bf43ee04fad9b2d49d27560c) Importer(815301076,1909f56bfc062723c751e8b465ee728b)
Start importing Assets/Prefab/RedBlock.prefab using Guid(e9582726bf43ee04fad9b2d49d27560c) Importer(815301076,1909f56bfc062723c751e8b465ee728b)  -> (artifact id: '7a898c4637c7b5358145e15192c56c20') in 0.010084 seconds
  Import took 0.013283 seconds .

========================================================================
Received Prepare
Registering precompiled user dll's ...
Registered in 0.000906 seconds.
Begin MonoManager ReloadAssembly
Native extension for WindowsStandalone target not found
Native extension for WebGL target not found
Refreshing native plugins compatible for Editor in 0.41 ms, found 1 plugins.
Preloading 0 native plugins for Editor in 0.00 ms.
Invoked RoslynAnalysisRunner static constructor.
RoslynAnalysisRunner will not be running.
RoslynAnalysisRunner has terminated.
Mono: successfully reloaded assembly
- Completed reload, in  1.008 seconds
Platform modules already initialized, skipping
Refreshing native plugins compatible for Editor in 0.40 ms, found 1 plugins.
Preloading 0 native plugins for Editor in 0.00 ms.
Unloading 1943 Unused Serialized files (Serialized files now loaded: 0)
System memory in use before: 93.4 MB.
System memory in use after: 93.5 MB.

Unloading 8 unused Assets to reduce memory usage. Loaded Objects now: 2478.
Total: 2.066600 ms (FindLiveObjects: 0.226100 ms CreateObjectMapping: 0.050000 ms MarkObjects: 1.774600 ms  DeleteObjects: 0.014800 ms)

========================================================================
Received Prepare
Registering precompiled user dll's ...
Registered in 0.000912 seconds.
Begin MonoManager ReloadAssembly
Native extension for WindowsStandalone target not found
Native extension for WebGL target not found
Refreshing native plugins compatible for Editor in 0.42 ms, found 1 plugins.
Preloading 0 native plugins for Editor in 0.00 ms.
Invoked RoslynAnalysisRunner static constructor.
RoslynAnalysisRunner will not be running.
RoslynAnalysisRunner has terminated.
Mono: successfully reloaded assembly
- Completed reload, in  1.040 seconds
Platform modules already initialized, skipping
Refreshing native plugins compatible for Editor in 0.47 ms, found 1 plugins.
Preloading 0 native plugins for Editor in 0.00 ms.
Unloading 1943 Unused Serialized files (Serialized files now loaded: 0)
System memory in use before: 93.4 MB.
System memory in use after: 93.5 MB.

Unloading 8 unused Assets to reduce memory usage. Loaded Objects now: 2481.
Total: 3.396700 ms (FindLiveObjects: 0.546300 ms CreateObjectMapping: 0.145100 ms MarkObjects: 2.675100 ms  DeleteObjects: 0.027300 ms)

========================================================================
Received Import Request.
  Time since last request: 1348.880237 seconds.
  path: ProjectSettings/TagManager.asset
  artifactKey: Guid(00000000000000003000000000000000) Importer(815301076,1909f56bfc062723c751e8b465ee728b)
Start importing ProjectSettings/TagManager.asset using Guid(00000000000000003000000000000000) Importer(815301076,1909f56bfc062723c751e8b465ee728b)  -> (artifact id: '7bac362a48f915bd60323391f4d8a7eb') in 0.019686 seconds
  Import took 0.023274 seconds .

========================================================================
Received Import Request.
  Time since last request: 0.000849 seconds.
  path: ProjectSettings/TagManager.asset
  artifactKey: Guid(00000000000000003000000000000000) Importer(815301076,1909f56bfc062723c751e8b465ee728b)
Start importing ProjectSettings/TagManager.asset using Guid(00000000000000003000000000000000) Importer(815301076,1909f56bfc062723c751e8b465ee728b)  -> (artifact id: '7bac362a48f915bd60323391f4d8a7eb') in 0.002445 seconds
  Import took 0.005700 seconds .

========================================================================
Received Import Request.
  Time since last request: 14.790285 seconds.
  path: Assets/Prefab/RedBlock.prefab
  artifactKey: Guid(e9582726bf43ee04fad9b2d49d27560c) Importer(815301076,1909f56bfc062723c751e8b465ee728b)
Start importing Assets/Prefab/RedBlock.prefab using Guid(e9582726bf43ee04fad9b2d49d27560c) Importer(815301076,1909f56bfc062723c751e8b465ee728b)  -> (artifact id: '04a7e06c97537fc8ee81978bb66b1c61') in 0.048930 seconds
  Import took 0.052732 seconds .

========================================================================
Received Prepare
Registering precompiled user dll's ...
Registered in 0.001386 seconds.
Begin MonoManager ReloadAssembly
Native extension for WindowsStandalone target not found
Native extension for WebGL target not found
Refreshing native plugins compatible for Editor in 0.42 ms, found 1 plugins.
Preloading 0 native plugins for Editor in 0.00 ms.
Invoked RoslynAnalysisRunner static constructor.
RoslynAnalysisRunner will not be running.
RoslynAnalysisRunner has terminated.
Mono: successfully reloaded assembly
- Completed reload, in  1.111 seconds
Platform modules already initialized, skipping
Refreshing native plugins compatible for Editor in 0.42 ms, found 1 plugins.
Preloading 0 native plugins for Editor in 0.00 ms.
Unloading 1943 Unused Serialized files (Serialized files now loaded: 0)
System memory in use before: 93.4 MB.
System memory in use after: 93.6 MB.

Unloading 10 unused Assets to reduce memory usage. Loaded Objects now: 2485.
Total: 2.225700 ms (FindLiveObjects: 0.298800 ms CreateObjectMapping: 0.063300 ms MarkObjects: 1.840600 ms  DeleteObjects: 0.021100 ms)

========================================================================
Received Prepare
Registering precompiled user dll's ...
Registered in 0.000914 seconds.
Begin MonoManager ReloadAssembly
Native extension for WindowsStandalone target not found
Native extension for WebGL target not found
Refreshing native plugins compatible for Editor in 0.41 ms, found 1 plugins.
Preloading 0 native plugins for Editor in 0.00 ms.
Invoked RoslynAnalysisRunner static constructor.
RoslynAnalysisRunner will not be running.
RoslynAnalysisRunner has terminated.
Mono: successfully reloaded assembly
- Completed reload, in  1.013 seconds
Platform modules already initialized, skipping
Refreshing native plugins compatible for Editor in 0.43 ms, found 1 plugins.
Preloading 0 native plugins for Editor in 0.00 ms.
Unloading 1943 Unused Serialized files (Serialized files now loaded: 0)
System memory in use before: 93.4 MB.
System memory in use after: 93.6 MB.

Unloading 8 unused Assets to reduce memory usage. Loaded Objects now: 2488.
Total: 2.673200 ms (FindLiveObjects: 0.402200 ms CreateObjectMapping: 0.079300 ms MarkObjects: 2.163100 ms  DeleteObjects: 0.027000 ms)

========================================================================
Received Prepare
Registering precompiled user dll's ...
Registered in 0.001213 seconds.
Begin MonoManager ReloadAssembly
Native extension for WindowsStandalone target not found
Native extension for WebGL target not found
Refreshing native plugins compatible for Editor in 0.41 ms, found 1 plugins.
Preloading 0 native plugins for Editor in 0.00 ms.
Invoked RoslynAnalysisRunner static constructor.
RoslynAnalysisRunner will not be running.
RoslynAnalysisRunner has terminated.
Mono: successfully reloaded assembly
- Completed reload, in  1.037 seconds
Platform modules already initialized, skipping
Refreshing native plugins compatible for Editor in 0.44 ms, found 1 plugins.
Preloading 0 native plugins for Editor in 0.00 ms.
Unloading 1943 Unused Serialized files (Serialized files now loaded: 0)
System memory in use before: 93.4 MB.
System memory in use after: 93.6 MB.

Unloading 8 unused Assets to reduce memory usage. Loaded Objects now: 2491.
Total: 2.331500 ms (FindLiveObjects: 0.238600 ms CreateObjectMapping: 0.051100 ms MarkObjects: 2.014900 ms  DeleteObjects: 0.025600 ms)

========================================================================
Received Import Request.
  Time since last request: 707.742262 seconds.
  path: ProjectSettings/TagManager.asset
  artifactKey: Guid(00000000000000003000000000000000) Importer(815301076,1909f56bfc062723c751e8b465ee728b)
Start importing ProjectSettings/TagManager.asset using Guid(00000000000000003000000000000000) Importer(815301076,1909f56bfc062723c751e8b465ee728b)  -> (artifact id: '45026478534e53ccc6636ea5a3d03d50') in 0.014578 seconds
  Import took 0.018724 seconds .

========================================================================
Received Prepare
Registering precompiled user dll's ...
Registered in 0.000913 seconds.
Begin MonoManager ReloadAssembly
Native extension for WindowsStandalone target not found
Native extension for WebGL target not found
Refreshing native plugins compatible for Editor in 0.57 ms, found 1 plugins.
Preloading 0 native plugins for Editor in 0.00 ms.
Invoked RoslynAnalysisRunner static constructor.
RoslynAnalysisRunner will not be running.
RoslynAnalysisRunner has terminated.
Mono: successfully reloaded assembly
- Completed reload, in  1.002 seconds
Platform modules already initialized, skipping
Refreshing native plugins compatible for Editor in 0.41 ms, found 1 plugins.
Preloading 0 native plugins for Editor in 0.00 ms.
Unloading 1943 Unused Serialized files (Serialized files now loaded: 0)
System memory in use before: 93.5 MB.
System memory in use after: 93.6 MB.

Unloading 9 unused Assets to reduce memory usage. Loaded Objects now: 2494.
Total: 2.187700 ms (FindLiveObjects: 0.241200 ms CreateObjectMapping: 0.046800 ms MarkObjects: 1.848500 ms  DeleteObjects: 0.049700 ms)

========================================================================
Received Prepare
Registering precompiled user dll's ...
Registered in 0.000906 seconds.
Begin MonoManager ReloadAssembly
Native extension for WindowsStandalone target not found
Native extension for WebGL target not found
Refreshing native plugins compatible for Editor in 0.43 ms, found 1 plugins.
Preloading 0 native plugins for Editor in 0.00 ms.
Invoked RoslynAnalysisRunner static constructor.
RoslynAnalysisRunner will not be running.
RoslynAnalysisRunner has terminated.
Mono: successfully reloaded assembly
- Completed reload, in  1.181 seconds
Platform modules already initialized, skipping
Refreshing native plugins compatible for Editor in 0.47 ms, found 1 plugins.
Preloading 0 native plugins for Editor in 0.00 ms.
Unloading 1943 Unused Serialized files (Serialized files now loaded: 0)
System memory in use before: 93.5 MB.
System memory in use after: 93.6 MB.

Unloading 8 unused Assets to reduce memory usage. Loaded Objects now: 2497.
Total: 2.735900 ms (FindLiveObjects: 0.291200 ms CreateObjectMapping: 0.054900 ms MarkObjects: 2.243500 ms  DeleteObjects: 0.144200 ms)

========================================================================
Received Import Request.
  Time since last request: 458.016078 seconds.
  path: Assets/Scripts/Core/GameOverScript.cs
  artifactKey: Guid(9dd612720c3770f46bdcac60e342fee1) Importer(815301076,1909f56bfc062723c751e8b465ee728b)
Start importing Assets/Scripts/Core/GameOverScript.cs using Guid(9dd612720c3770f46bdcac60e342fee1) Importer(815301076,1909f56bfc062723c751e8b465ee728b)  -> (artifact id: '2021f50a2c379d5e3740300d6318af8f') in 0.009748 seconds
  Import took 0.013191 seconds .

========================================================================
Received Import Request.
  Time since last request: 3.066147 seconds.
  path: Assets/Scripts/Core/GameBehavior.cs
  artifactKey: Guid(686dad4c6195af241a3b001f871399fd) Importer(815301076,1909f56bfc062723c751e8b465ee728b)
Start importing Assets/Scripts/Core/GameBehavior.cs using Guid(686dad4c6195af241a3b001f871399fd) Importer(815301076,1909f56bfc062723c751e8b465ee728b)  -> (artifact id: '687f9d55cd66a31ac859eedbbd95dc89') in 0.007295 seconds
  Import took 0.024544 seconds .

========================================================================
Received Import Request.
  Time since last request: 7.735354 seconds.
  path: Assets/Prefab/RedBlock.prefab
  artifactKey: Guid(e9582726bf43ee04fad9b2d49d27560c) Importer(815301076,1909f56bfc062723c751e8b465ee728b)
Start importing Assets/Prefab/RedBlock.prefab using Guid(e9582726bf43ee04fad9b2d49d27560c) Importer(815301076,1909f56bfc062723c751e8b465ee728b)  -> (artifact id: '585ec47961863d8fe7b406dda4942058') in 0.084130 seconds
  Import took 0.087789 seconds .

========================================================================
Received Prepare
Registering precompiled user dll's ...
Registered in 0.000892 seconds.
Begin MonoManager ReloadAssembly
Native extension for WindowsStandalone target not found
Native extension for WebGL target not found
Refreshing native plugins compatible for Editor in 0.52 ms, found 1 plugins.
Preloading 0 native plugins for Editor in 0.00 ms.
Invoked RoslynAnalysisRunner static constructor.
RoslynAnalysisRunner will not be running.
RoslynAnalysisRunner has terminated.
Mono: successfully reloaded assembly
- Completed reload, in  1.089 seconds
Platform modules already initialized, skipping
Refreshing native plugins compatible for Editor in 0.41 ms, found 1 plugins.
Preloading 0 native plugins for Editor in 0.00 ms.
Unloading 1943 Unused Serialized files (Serialized files now loaded: 0)
System memory in use before: 93.5 MB.
System memory in use after: 93.6 MB.

Unloading 8 unused Assets to reduce memory usage. Loaded Objects now: 2501.
Total: 2.548000 ms (FindLiveObjects: 0.262300 ms CreateObjectMapping: 0.051500 ms MarkObjects: 2.205700 ms  DeleteObjects: 0.027000 ms)

========================================================================
Received Prepare
Registering precompiled user dll's ...
Registered in 0.000999 seconds.
Begin MonoManager ReloadAssembly
Native extension for WindowsStandalone target not found
Native extension for WebGL target not found
Refreshing native plugins compatible for Editor in 0.58 ms, found 1 plugins.
Preloading 0 native plugins for Editor in 0.00 ms.
Invoked RoslynAnalysisRunner static constructor.
RoslynAnalysisRunner will not be running.
RoslynAnalysisRunner has terminated.
Mono: successfully reloaded assembly
- Completed reload, in  1.059 seconds
Platform modules already initialized, skipping
Refreshing native plugins compatible for Editor in 0.48 ms, found 1 plugins.
Preloading 0 native plugins for Editor in 0.00 ms.
Unloading 1944 Unused Serialized files (Serialized files now loaded: 0)
System memory in use before: 93.5 MB.
System memory in use after: 93.6 MB.

Unloading 8 unused Assets to reduce memory usage. Loaded Objects now: 2505.
Total: 2.478900 ms (FindLiveObjects: 0.238800 ms CreateObjectMapping: 0.052700 ms MarkObjects: 2.167000 ms  DeleteObjects: 0.019200 ms)

========================================================================
Received Import Request.
  Time since last request: 223.880759 seconds.
  path: Assets/Prefab/RedBlock.prefab
  artifactKey: Guid(e9582726bf43ee04fad9b2d49d27560c) Importer(815301076,1909f56bfc062723c751e8b465ee728b)
Start importing Assets/Prefab/RedBlock.prefab using Guid(e9582726bf43ee04fad9b2d49d27560c) Importer(815301076,1909f56bfc062723c751e8b465ee728b)  -> (artifact id: '405f3abeb76e8e7cf69603b194dfe282') in 0.069752 seconds
  Import took 0.073302 seconds .

========================================================================
Received Prepare
Registering precompiled user dll's ...
Registered in 0.000951 seconds.
Begin MonoManager ReloadAssembly
Native extension for WindowsStandalone target not found
Native extension for WebGL target not found
Refreshing native plugins compatible for Editor in 0.43 ms, found 1 plugins.
Preloading 0 native plugins for Editor in 0.00 ms.
Invoked RoslynAnalysisRunner static constructor.
RoslynAnalysisRunner will not be running.
RoslynAnalysisRunner has terminated.
Mono: successfully reloaded assembly
- Completed reload, in  1.041 seconds
Platform modules already initialized, skipping
Refreshing native plugins compatible for Editor in 0.59 ms, found 1 plugins.
Preloading 0 native plugins for Editor in 0.00 ms.
Unloading 1944 Unused Serialized files (Serialized files now loaded: 0)
System memory in use before: 93.5 MB.
System memory in use after: 93.6 MB.

Unloading 8 unused Assets to reduce memory usage. Loaded Objects now: 2509.
Total: 2.473600 ms (FindLiveObjects: 0.337300 ms CreateObjectMapping: 0.065900 ms MarkObjects: 2.045100 ms  DeleteObjects: 0.024100 ms)

========================================================================
Received Prepare
Registering precompiled user dll's ...
Registered in 0.000937 seconds.
Begin MonoManager ReloadAssembly
Native extension for WindowsStandalone target not found
Native extension for WebGL target not found
Refreshing native plugins compatible for Editor in 0.42 ms, found 1 plugins.
Preloading 0 native plugins for Editor in 0.00 ms.
Invoked RoslynAnalysisRunner static constructor.
RoslynAnalysisRunner will not be running.
RoslynAnalysisRunner has terminated.
Mono: successfully reloaded assembly
- Completed reload, in  1.049 seconds
Platform modules already initialized, skipping
Refreshing native plugins compatible for Editor in 0.41 ms, found 1 plugins.
Preloading 0 native plugins for Editor in 0.00 ms.
Unloading 1944 Unused Serialized files (Serialized files now loaded: 0)
System memory in use before: 93.5 MB.
System memory in use after: 93.6 MB.

Unloading 8 unused Assets to reduce memory usage. Loaded Objects now: 2512.
Total: 2.135300 ms (FindLiveObjects: 0.225000 ms CreateObjectMapping: 0.050400 ms MarkObjects: 1.842000 ms  DeleteObjects: 0.016600 ms)

========================================================================
Received Import Request.
  Time since last request: 184.952414 seconds.
  path: Assets/Scripts/Core/collision.cs
  artifactKey: Guid(8f6f3bebb9c715243bae1581f6b97250) Importer(815301076,1909f56bfc062723c751e8b465ee728b)
Start importing Assets/Scripts/Core/collision.cs using Guid(8f6f3bebb9c715243bae1581f6b97250) Importer(815301076,1909f56bfc062723c751e8b465ee728b)  -> (artifact id: '27bb5f0b89f63bd4369899450858a9e4') in 0.010155 seconds
  Import took 0.013922 seconds .

========================================================================
Received Prepare
Registering precompiled user dll's ...
Registered in 0.001559 seconds.
Begin MonoManager ReloadAssembly
Native extension for WindowsStandalone target not found
Native extension for WebGL target not found
Refreshing native plugins compatible for Editor in 0.54 ms, found 1 plugins.
Preloading 0 native plugins for Editor in 0.00 ms.
Invoked RoslynAnalysisRunner static constructor.
RoslynAnalysisRunner will not be running.
RoslynAnalysisRunner has terminated.
Mono: successfully reloaded assembly
- Completed reload, in  1.074 seconds
Platform modules already initialized, skipping
Refreshing native plugins compatible for Editor in 0.62 ms, found 1 plugins.
Preloading 0 native plugins for Editor in 0.00 ms.
Unloading 1944 Unused Serialized files (Serialized files now loaded: 0)
System memory in use before: 93.5 MB.
System memory in use after: 93.6 MB.

Unloading 8 unused Assets to reduce memory usage. Loaded Objects now: 2515.
Total: 2.648800 ms (FindLiveObjects: 0.336300 ms CreateObjectMapping: 0.082300 ms MarkObjects: 2.206600 ms  DeleteObjects: 0.022400 ms)

========================================================================
Received Prepare
Registering precompiled user dll's ...
Registered in 0.001142 seconds.
Begin MonoManager ReloadAssembly
Native extension for WindowsStandalone target not found
Native extension for WebGL target not found
Refreshing native plugins compatible for Editor in 0.57 ms, found 1 plugins.
Preloading 0 native plugins for Editor in 0.00 ms.
Invoked RoslynAnalysisRunner static constructor.
RoslynAnalysisRunner will not be running.
RoslynAnalysisRunner has terminated.
Mono: successfully reloaded assembly
- Completed reload, in  1.024 seconds
Platform modules already initialized, skipping
Refreshing native plugins compatible for Editor in 0.39 ms, found 1 plugins.
Preloading 0 native plugins for Editor in 0.00 ms.
Unloading 1944 Unused Serialized files (Serialized files now loaded: 0)
System memory in use before: 93.5 MB.
System memory in use after: 93.6 MB.

Unloading 8 unused Assets to reduce memory usage. Loaded Objects now: 2518.
Total: 2.411000 ms (FindLiveObjects: 0.221600 ms CreateObjectMapping: 0.050400 ms MarkObjects: 2.120700 ms  DeleteObjects: 0.016400 ms)

========================================================================
Received Import Request.
  Time since last request: 180.802629 seconds.
  path: Assets/Prefab/RedBlock.prefab
  artifactKey: Guid(e9582726bf43ee04fad9b2d49d27560c) Importer(815301076,1909f56bfc062723c751e8b465ee728b)
Start importing Assets/Prefab/RedBlock.prefab using Guid(e9582726bf43ee04fad9b2d49d27560c) Importer(815301076,1909f56bfc062723c751e8b465ee728b)  -> (artifact id: 'caf5526c28b508c73f7c303481d3fd0f') in 0.065171 seconds
  Import took 0.068932 seconds .

========================================================================
Received Import Request.
  Time since last request: 17.190925 seconds.
  path: Assets/Scripts/Core/collision.cs
  artifactKey: Guid(8f6f3bebb9c715243bae1581f6b97250) Importer(815301076,1909f56bfc062723c751e8b465ee728b)
Start importing Assets/Scripts/Core/collision.cs using Guid(8f6f3bebb9c715243bae1581f6b97250) Importer(815301076,1909f56bfc062723c751e8b465ee728b)  -> (artifact id: 'dffd0267fddf5d331bd625cb946aad70') in 0.001995 seconds
  Import took 0.013852 seconds .

========================================================================
Received Import Request.
  Time since last request: 50.214098 seconds.
  path: Assets/Prefab/RedBlock.prefab
  artifactKey: Guid(e9582726bf43ee04fad9b2d49d27560c) Importer(815301076,1909f56bfc062723c751e8b465ee728b)
Start importing Assets/Prefab/RedBlock.prefab using Guid(e9582726bf43ee04fad9b2d49d27560c) Importer(815301076,1909f56bfc062723c751e8b465ee728b)  -> (artifact id: '42d899d9008c26c755ce478e85dc0778') in 0.013440 seconds
  Import took 0.017232 seconds .

========================================================================
Received Import Request.
  Time since last request: 0.363814 seconds.
  path: Assets/Prefab/RedBlock.prefab
  artifactKey: Guid(e9582726bf43ee04fad9b2d49d27560c) Importer(815301076,1909f56bfc062723c751e8b465ee728b)
Start importing Assets/Prefab/RedBlock.prefab using Guid(e9582726bf43ee04fad9b2d49d27560c) Importer(815301076,1909f56bfc062723c751e8b465ee728b)  -> (artifact id: 'c9c21dd0ce7bfc134ed139f2d65a3558') in 0.008639 seconds
  Import took 0.012111 seconds .

========================================================================
Received Prepare
Registering precompiled user dll's ...
Registered in 0.000899 seconds.
Begin MonoManager ReloadAssembly
Native extension for WindowsStandalone target not found
Native extension for WebGL target not found
Refreshing native plugins compatible for Editor in 0.41 ms, found 1 plugins.
Preloading 0 native plugins for Editor in 0.00 ms.
Invoked RoslynAnalysisRunner static constructor.
RoslynAnalysisRunner will not be running.
RoslynAnalysisRunner has terminated.
Mono: successfully reloaded assembly
- Completed reload, in  1.030 seconds
Platform modules already initialized, skipping
Refreshing native plugins compatible for Editor in 0.41 ms, found 1 plugins.
Preloading 0 native plugins for Editor in 0.00 ms.
Unloading 1944 Unused Serialized files (Serialized files now loaded: 0)
System memory in use before: 93.5 MB.
System memory in use after: 93.7 MB.

Unloading 8 unused Assets to reduce memory usage. Loaded Objects now: 2522.
Total: 2.232700 ms (FindLiveObjects: 0.275900 ms CreateObjectMapping: 0.052900 ms MarkObjects: 1.878200 ms  DeleteObjects: 0.023900 ms)

========================================================================
Received Prepare
Registering precompiled user dll's ...
Registered in 0.000902 seconds.
Begin MonoManager ReloadAssembly
Native extension for WindowsStandalone target not found
Native extension for WebGL target not found
Refreshing native plugins compatible for Editor in 0.45 ms, found 1 plugins.
Preloading 0 native plugins for Editor in 0.00 ms.
Invoked RoslynAnalysisRunner static constructor.
RoslynAnalysisRunner will not be running.
RoslynAnalysisRunner has terminated.
Mono: successfully reloaded assembly
- Completed reload, in  1.037 seconds
Platform modules already initialized, skipping
Refreshing native plugins compatible for Editor in 0.42 ms, found 1 plugins.
Preloading 0 native plugins for Editor in 0.00 ms.
Unloading 1944 Unused Serialized files (Serialized files now loaded: 0)
System memory in use before: 93.6 MB.
System memory in use after: 93.7 MB.

Unloading 8 unused Assets to reduce memory usage. Loaded Objects now: 2525.
Total: 2.565700 ms (FindLiveObjects: 0.392700 ms CreateObjectMapping: 0.119400 ms MarkObjects: 2.033500 ms  DeleteObjects: 0.018100 ms)

========================================================================
Received Import Request.
  Time since last request: 388.303431 seconds.
  path: Assets/Prefab/RedBlock.prefab
  artifactKey: Guid(e9582726bf43ee04fad9b2d49d27560c) Importer(815301076,1909f56bfc062723c751e8b465ee728b)
Start importing Assets/Prefab/RedBlock.prefab using Guid(e9582726bf43ee04fad9b2d49d27560c) Importer(815301076,1909f56bfc062723c751e8b465ee728b)  -> (artifact id: '637b96283b217e12226c9bd5105f332c') in 0.062578 seconds
  Import took 0.066344 seconds .

========================================================================
Received Import Request.
  Time since last request: 0.001014 seconds.
  path: Assets/Prefab/RedBlock.prefab
  artifactKey: Guid(e9582726bf43ee04fad9b2d49d27560c) Importer(815301076,1909f56bfc062723c751e8b465ee728b)
Start importing Assets/Prefab/RedBlock.prefab using Guid(e9582726bf43ee04fad9b2d49d27560c) Importer(815301076,1909f56bfc062723c751e8b465ee728b)  -> (artifact id: '637b96283b217e12226c9bd5105f332c') in 0.009440 seconds
  Import took 0.013767 seconds .

========================================================================
Received Prepare
Registering precompiled user dll's ...
Registered in 0.001156 seconds.
Begin MonoManager ReloadAssembly
Native extension for WindowsStandalone target not found
Native extension for WebGL target not found
Refreshing native plugins compatible for Editor in 0.42 ms, found 1 plugins.
Preloading 0 native plugins for Editor in 0.00 ms.
Invoked RoslynAnalysisRunner static constructor.
RoslynAnalysisRunner will not be running.
RoslynAnalysisRunner has terminated.
Mono: successfully reloaded assembly
- Completed reload, in  1.027 seconds
Platform modules already initialized, skipping
Refreshing native plugins compatible for Editor in 0.43 ms, found 1 plugins.
Preloading 0 native plugins for Editor in 0.00 ms.
Unloading 1944 Unused Serialized files (Serialized files now loaded: 0)
System memory in use before: 93.6 MB.
System memory in use after: 93.7 MB.

Unloading 8 unused Assets to reduce memory usage. Loaded Objects now: 2529.
Total: 2.739600 ms (FindLiveObjects: 0.436000 ms CreateObjectMapping: 0.116900 ms MarkObjects: 2.164700 ms  DeleteObjects: 0.019400 ms)

========================================================================
Received Prepare
Registering precompiled user dll's ...
Registered in 0.001094 seconds.
Begin MonoManager ReloadAssembly
Native extension for WindowsStandalone target not found
Native extension for WebGL target not found
Refreshing native plugins compatible for Editor in 0.41 ms, found 1 plugins.
Preloading 0 native plugins for Editor in 0.00 ms.
Invoked RoslynAnalysisRunner static constructor.
RoslynAnalysisRunner will not be running.
RoslynAnalysisRunner has terminated.
Mono: successfully reloaded assembly
- Completed reload, in  0.982 seconds
Platform modules already initialized, skipping
Refreshing native plugins compatible for Editor in 0.41 ms, found 1 plugins.
Preloading 0 native plugins for Editor in 0.00 ms.
Unloading 1944 Unused Serialized files (Serialized files now loaded: 0)
System memory in use before: 93.6 MB.
System memory in use after: 93.7 MB.

Unloading 8 unused Assets to reduce memory usage. Loaded Objects now: 2532.
Total: 2.097900 ms (FindLiveObjects: 0.221800 ms CreateObjectMapping: 0.050600 ms MarkObjects: 1.804300 ms  DeleteObjects: 0.020300 ms)

========================================================================
Received Prepare
Registering precompiled user dll's ...
Registered in 0.000947 seconds.
Begin MonoManager ReloadAssembly
Native extension for WindowsStandalone target not found
Native extension for WebGL target not found
Refreshing native plugins compatible for Editor in 0.42 ms, found 1 plugins.
Preloading 0 native plugins for Editor in 0.00 ms.
Invoked RoslynAnalysisRunner static constructor.
RoslynAnalysisRunner will not be running.
RoslynAnalysisRunner has terminated.
Mono: successfully reloaded assembly
- Completed reload, in  1.002 seconds
Platform modules already initialized, skipping
Refreshing native plugins compatible for Editor in 0.39 ms, found 1 plugins.
Preloading 0 native plugins for Editor in 0.00 ms.
Unloading 1944 Unused Serialized files (Serialized files now loaded: 0)
System memory in use before: 93.6 MB.
System memory in use after: 93.7 MB.

Unloading 8 unused Assets to reduce memory usage. Loaded Objects now: 2535.
Total: 2.468400 ms (FindLiveObjects: 0.270400 ms CreateObjectMapping: 0.052400 ms MarkObjects: 2.123800 ms  DeleteObjects: 0.020500 ms)

========================================================================
Received Prepare
Registering precompiled user dll's ...
Registered in 0.000969 seconds.
Begin MonoManager ReloadAssembly
Native extension for WindowsStandalone target not found
Native extension for WebGL target not found
Refreshing native plugins compatible for Editor in 0.39 ms, found 1 plugins.
Preloading 0 native plugins for Editor in 0.00 ms.
Invoked RoslynAnalysisRunner static constructor.
RoslynAnalysisRunner will not be running.
RoslynAnalysisRunner has terminated.
Mono: successfully reloaded assembly
- Completed reload, in  1.003 seconds
Platform modules already initialized, skipping
Refreshing native plugins compatible for Editor in 0.39 ms, found 1 plugins.
Preloading 0 native plugins for Editor in 0.00 ms.
Unloading 1944 Unused Serialized files (Serialized files now loaded: 0)
System memory in use before: 93.6 MB.
System memory in use after: 93.7 MB.

Unloading 8 unused Assets to reduce memory usage. Loaded Objects now: 2538.
Total: 2.821400 ms (FindLiveObjects: 0.297700 ms CreateObjectMapping: 0.099600 ms MarkObjects: 2.271200 ms  DeleteObjects: 0.150900 ms)

========================================================================
Received Prepare
Registering precompiled user dll's ...
Registered in 0.000879 seconds.
Begin MonoManager ReloadAssembly
Native extension for WindowsStandalone target not found
Native extension for WebGL target not found
Refreshing native plugins compatible for Editor in 0.44 ms, found 1 plugins.
Preloading 0 native plugins for Editor in 0.00 ms.
Invoked RoslynAnalysisRunner static constructor.
RoslynAnalysisRunner will not be running.
RoslynAnalysisRunner has terminated.
Mono: successfully reloaded assembly
- Completed reload, in  1.056 seconds
Platform modules already initialized, skipping
Refreshing native plugins compatible for Editor in 0.43 ms, found 1 plugins.
Preloading 0 native plugins for Editor in 0.00 ms.
Unloading 1944 Unused Serialized files (Serialized files now loaded: 0)
System memory in use before: 93.6 MB.
System memory in use after: 93.7 MB.

Unloading 8 unused Assets to reduce memory usage. Loaded Objects now: 2541.
Total: 2.277300 ms (FindLiveObjects: 0.291900 ms CreateObjectMapping: 0.052200 ms MarkObjects: 1.910200 ms  DeleteObjects: 0.021500 ms)

========================================================================
Received Prepare
Registering precompiled user dll's ...
Registered in 0.001128 seconds.
Begin MonoManager ReloadAssembly
Native extension for WindowsStandalone target not found
Native extension for WebGL target not found
Refreshing native plugins compatible for Editor in 0.42 ms, found 1 plugins.
Preloading 0 native plugins for Editor in 0.00 ms.
Invoked RoslynAnalysisRunner static constructor.
RoslynAnalysisRunner will not be running.
RoslynAnalysisRunner has terminated.
Mono: successfully reloaded assembly
- Completed reload, in  1.077 seconds
Platform modules already initialized, skipping
Refreshing native plugins compatible for Editor in 0.40 ms, found 1 plugins.
Preloading 0 native plugins for Editor in 0.00 ms.
Unloading 1944 Unused Serialized files (Serialized files now loaded: 0)
System memory in use before: 93.6 MB.
System memory in use after: 93.7 MB.

Unloading 8 unused Assets to reduce memory usage. Loaded Objects now: 2544.
Total: 2.289900 ms (FindLiveObjects: 0.310800 ms CreateObjectMapping: 0.052900 ms MarkObjects: 1.902500 ms  DeleteObjects: 0.021700 ms)

