Using pre-set license
Built from '2020.2/release' branch; Version is '2020.2.4f1 (becced5a802b) revision 12504301'; Using compiler version '192528614'; Build Type 'Release'
OS: 'Windows 10 Home; OS build 19042.928; Version 2009; 64bit' Language: 'en' Physical Memory: 7778 MB
BatchMode: 1, IsHumanControllingUs: 0, StartBugReporterOnCrash: 0, Is64bit: 1, IsPro: 0

 COMMAND LINE ARGUMENTS:
C:\Program Files\Unity\Hub\Editor\2020.2.4f1\Editor\Unity.exe
-adb2
-batchMode
-noUpm
-name
AssetImportWorker0
-projectPath
C:/Users/RichK/Documents/GitHub/Assignment4Fix/Assign4Fix
-logFile
Logs/AssetImportWorker0.log
-srvPort
62426
Successfully changed project path to: C:/Users/RichK/Documents/GitHub/Assignment4Fix/Assign4Fix
C:/Users/RichK/Documents/GitHub/Assignment4Fix/Assign4Fix
Using Asset Import Pipeline V2.
Refreshing native plugins compatible for Editor in 48.35 ms, found 1 plugins.
Preloading 0 native plugins for Editor in 0.00 ms.
Initialize engine version: 2020.2.4f1 (becced5a802b)
[Subsystems] Discovering subsystems at path C:/Program Files/Unity/Hub/Editor/2020.2.4f1/Editor/Data/Resources/UnitySubsystems
[Subsystems] Discovering subsystems at path C:/Users/RichK/Documents/GitHub/Assignment4Fix/Assign4Fix/Assets
GfxDevice: creating device client; threaded=0
Direct3D:
    Version:  Direct3D 11.0 [level 11.1]
    Renderer: Intel(R) Iris(R) Plus Graphics (ID=0x8a52)
    Vendor:   
    VRAM:     3889 MB
    Driver:   27.20.100.8681
Initialize mono
Mono path[0] = 'C:/Program Files/Unity/Hub/Editor/2020.2.4f1/Editor/Data/Managed'
Mono path[1] = 'C:/Program Files/Unity/Hub/Editor/2020.2.4f1/Editor/Data/MonoBleedingEdge/lib/mono/unityjit'
Mono config path = 'C:/Program Files/Unity/Hub/Editor/2020.2.4f1/Editor/Data/MonoBleedingEdge/etc'
Using monoOptions --debugger-agent=transport=dt_socket,embedding=1,server=y,suspend=n,address=127.0.0.1:56436
Begin MonoManager ReloadAssembly
Registering precompiled unity dll's ...
Register platform support module: C:/Program Files/Unity/Hub/Editor/2020.2.4f1/Editor/Data/PlaybackEngines/WebGLSupport/UnityEditor.WebGL.Extensions.dll
Register platform support module: C:/Program Files/Unity/Hub/Editor/2020.2.4f1/Editor/Data/PlaybackEngines/WindowsStandaloneSupport/UnityEditor.WindowsStandalone.Extensions.dll
Registered in 0.002314 seconds.
Native extension for WindowsStandalone target not found
Native extension for WebGL target not found
Refreshing native plugins compatible for Editor in 60.57 ms, found 1 plugins.
Preloading 0 native plugins for Editor in 0.00 ms.
Invoked RoslynAnalysisRunner static constructor.
RoslynAnalysisRunner will not be running.
RoslynAnalysisRunner has terminated.
Mono: successfully reloaded assembly
- Completed reload, in  1.770 seconds
Platform modules already initialized, skipping
Registering precompiled user dll's ...
Registered in 0.000930 seconds.
Begin MonoManager ReloadAssembly
Native extension for WindowsStandalone target not found
Native extension for WebGL target not found
Refreshing native plugins compatible for Editor in 46.53 ms, found 1 plugins.
Preloading 0 native plugins for Editor in 0.00 ms.
Invoked RoslynAnalysisRunner static constructor.
RoslynAnalysisRunner will not be running.
RoslynAnalysisRunner has terminated.
Mono: successfully reloaded assembly
- Completed reload, in  1.050 seconds
Platform modules already initialized, skipping
========================================================================
Worker process is ready to serve import requests
Launched and connected shader compiler UnityShaderCompiler.exe after 0.04 seconds
Refreshing native plugins compatible for Editor in 0.33 ms, found 1 plugins.
Preloading 0 native plugins for Editor in 0.00 ms.
Unloading 1798 Unused Serialized files (Serialized files now loaded: 0)
System memory in use before: 84.4 MB.
System memory in use after: 84.3 MB.

Unloading 24 unused Assets to reduce memory usage. Loaded Objects now: 2240.
Total: 3.005000 ms (FindLiveObjects: 0.202500 ms CreateObjectMapping: 0.076200 ms MarkObjects: 2.437200 ms  DeleteObjects: 0.286100 ms)

========================================================================
Received Import Request.
  path: Assets/Scripts/PlayerMovement.cs
  artifactKey: Guid(e8ec87e1ffefa564fa572e242902f7be) Importer(815301076,1909f56bfc062723c751e8b465ee728b)
Start importing Assets/Scripts/PlayerMovement.cs using Guid(e8ec87e1ffefa564fa572e242902f7be) Importer(815301076,1909f56bfc062723c751e8b465ee728b)  -> (artifact id: '1e4d6f9ab0c3e69f5108e04ad54101db') in 0.033174 seconds
  Import took 0.036537 seconds .

========================================================================
Received Prepare
Registering precompiled user dll's ...
Registered in 0.000903 seconds.
Begin MonoManager ReloadAssembly
Native extension for WindowsStandalone target not found
Native extension for WebGL target not found
Refreshing native plugins compatible for Editor in 0.81 ms, found 1 plugins.
Preloading 0 native plugins for Editor in 0.00 ms.
Invoked RoslynAnalysisRunner static constructor.
RoslynAnalysisRunner will not be running.
RoslynAnalysisRunner has terminated.
Mono: successfully reloaded assembly
- Completed reload, in  0.900 seconds
Platform modules already initialized, skipping
Refreshing native plugins compatible for Editor in 0.44 ms, found 1 plugins.
Preloading 0 native plugins for Editor in 0.00 ms.
Unloading 1793 Unused Serialized files (Serialized files now loaded: 0)
System memory in use before: 84.3 MB.
System memory in use after: 84.3 MB.

Unloading 12 unused Assets to reduce memory usage. Loaded Objects now: 2243.
Total: 3.628800 ms (FindLiveObjects: 0.360000 ms CreateObjectMapping: 0.076600 ms MarkObjects: 3.006700 ms  DeleteObjects: 0.183100 ms)

========================================================================
Received Import Request.
  Time since last request: 74.503195 seconds.
  path: Assets/Scripts/PlayerMovement.cs
  artifactKey: Guid(e8ec87e1ffefa564fa572e242902f7be) Importer(815301076,1909f56bfc062723c751e8b465ee728b)
Start importing Assets/Scripts/PlayerMovement.cs using Guid(e8ec87e1ffefa564fa572e242902f7be) Importer(815301076,1909f56bfc062723c751e8b465ee728b)  -> (artifact id: '713a1f1bb3b503623d680c385046a540') in 0.006400 seconds
  Import took 0.014826 seconds .

========================================================================
Received Import Request.
  Time since last request: 0.043871 seconds.
  path: Assets/Scripts/PlayerMovement.cs
  artifactKey: Guid(e8ec87e1ffefa564fa572e242902f7be) Importer(815301076,1909f56bfc062723c751e8b465ee728b)
Start importing Assets/Scripts/PlayerMovement.cs using Guid(e8ec87e1ffefa564fa572e242902f7be) Importer(815301076,1909f56bfc062723c751e8b465ee728b)  -> (artifact id: '713a1f1bb3b503623d680c385046a540') in 0.002616 seconds
  Import took 0.006584 seconds .

========================================================================
Received Prepare
Registering precompiled user dll's ...
Registered in 0.000838 seconds.
Begin MonoManager ReloadAssembly
Native extension for WindowsStandalone target not found
Native extension for WebGL target not found
Refreshing native plugins compatible for Editor in 0.36 ms, found 1 plugins.
Preloading 0 native plugins for Editor in 0.00 ms.
Invoked RoslynAnalysisRunner static constructor.
RoslynAnalysisRunner will not be running.
RoslynAnalysisRunner has terminated.
Mono: successfully reloaded assembly
- Completed reload, in  0.922 seconds
Platform modules already initialized, skipping
Refreshing native plugins compatible for Editor in 0.31 ms, found 1 plugins.
Preloading 0 native plugins for Editor in 0.00 ms.
Unloading 1793 Unused Serialized files (Serialized files now loaded: 0)
System memory in use before: 84.4 MB.
System memory in use after: 84.4 MB.

Unloading 12 unused Assets to reduce memory usage. Loaded Objects now: 2246.
Total: 3.573900 ms (FindLiveObjects: 0.166900 ms CreateObjectMapping: 0.064100 ms MarkObjects: 3.170500 ms  DeleteObjects: 0.171100 ms)

========================================================================
Received Import Request.
  Time since last request: 16.714364 seconds.
  path: Assets/Scripts/PlayerMovement.cs
  artifactKey: Guid(e8ec87e1ffefa564fa572e242902f7be) Importer(815301076,1909f56bfc062723c751e8b465ee728b)
Start importing Assets/Scripts/PlayerMovement.cs using Guid(e8ec87e1ffefa564fa572e242902f7be) Importer(815301076,1909f56bfc062723c751e8b465ee728b)  -> (artifact id: 'd36097e8800ee3c2a184460375bcca61') in 0.009073 seconds
  Import took 0.013314 seconds .

========================================================================
Received Import Request.
  Time since last request: 10.928484 seconds.
  path: Assets/Scripts/PlayerMovement.cs
  artifactKey: Guid(e8ec87e1ffefa564fa572e242902f7be) Importer(815301076,1909f56bfc062723c751e8b465ee728b)
Start importing Assets/Scripts/PlayerMovement.cs using Guid(e8ec87e1ffefa564fa572e242902f7be) Importer(815301076,1909f56bfc062723c751e8b465ee728b)  -> (artifact id: '2121bf3f6ec205941bae37ef506d1a9c') in 0.003177 seconds
  Import took 0.012856 seconds .

========================================================================
Received Prepare
Registering precompiled user dll's ...
Registered in 0.000829 seconds.
Begin MonoManager ReloadAssembly
Native extension for WindowsStandalone target not found
Native extension for WebGL target not found
Refreshing native plugins compatible for Editor in 0.52 ms, found 1 plugins.
Preloading 0 native plugins for Editor in 0.00 ms.
Invoked RoslynAnalysisRunner static constructor.
RoslynAnalysisRunner will not be running.
RoslynAnalysisRunner has terminated.
Mono: successfully reloaded assembly
- Completed reload, in  0.834 seconds
Platform modules already initialized, skipping
Refreshing native plugins compatible for Editor in 0.36 ms, found 1 plugins.
Preloading 0 native plugins for Editor in 0.00 ms.
Unloading 1792 Unused Serialized files (Serialized files now loaded: 0)
System memory in use before: 84.4 MB.
System memory in use after: 84.4 MB.

Unloading 13 unused Assets to reduce memory usage. Loaded Objects now: 2248.
Total: 2.733300 ms (FindLiveObjects: 0.275800 ms CreateObjectMapping: 0.109300 ms MarkObjects: 2.236000 ms  DeleteObjects: 0.110600 ms)

========================================================================
Received Import Request.
  Time since last request: 92.715830 seconds.
  path: Assets/Scripts/PlayerMovement.cs
  artifactKey: Guid(e8ec87e1ffefa564fa572e242902f7be) Importer(815301076,1909f56bfc062723c751e8b465ee728b)
Start importing Assets/Scripts/PlayerMovement.cs using Guid(e8ec87e1ffefa564fa572e242902f7be) Importer(815301076,1909f56bfc062723c751e8b465ee728b)  -> (artifact id: '50ae6bc4b13e031ba77cf2dabdd15165') in 0.010665 seconds
  Import took 0.015506 seconds .

========================================================================
Received Prepare
Registering precompiled user dll's ...
Registered in 0.000783 seconds.
Begin MonoManager ReloadAssembly
Native extension for WindowsStandalone target not found
Native extension for WebGL target not found
Refreshing native plugins compatible for Editor in 0.33 ms, found 1 plugins.
Preloading 0 native plugins for Editor in 0.00 ms.
Invoked RoslynAnalysisRunner static constructor.
RoslynAnalysisRunner will not be running.
RoslynAnalysisRunner has terminated.
Mono: successfully reloaded assembly
- Completed reload, in  0.842 seconds
Platform modules already initialized, skipping
Refreshing native plugins compatible for Editor in 0.32 ms, found 1 plugins.
Preloading 0 native plugins for Editor in 0.00 ms.
Unloading 1793 Unused Serialized files (Serialized files now loaded: 0)
System memory in use before: 84.4 MB.
System memory in use after: 84.4 MB.

Unloading 12 unused Assets to reduce memory usage. Loaded Objects now: 2252.
Total: 2.415500 ms (FindLiveObjects: 0.193000 ms CreateObjectMapping: 0.085100 ms MarkObjects: 1.964500 ms  DeleteObjects: 0.159600 ms)

========================================================================
Received Prepare
Registering precompiled user dll's ...
Registered in 0.000819 seconds.
Begin MonoManager ReloadAssembly
Native extension for WindowsStandalone target not found
Native extension for WebGL target not found
Refreshing native plugins compatible for Editor in 0.31 ms, found 1 plugins.
Preloading 0 native plugins for Editor in 0.00 ms.
Invoked RoslynAnalysisRunner static constructor.
RoslynAnalysisRunner will not be running.
RoslynAnalysisRunner has terminated.
Mono: successfully reloaded assembly
- Completed reload, in  0.872 seconds
Platform modules already initialized, skipping
Refreshing native plugins compatible for Editor in 0.43 ms, found 1 plugins.
Preloading 0 native plugins for Editor in 0.00 ms.
Unloading 1793 Unused Serialized files (Serialized files now loaded: 0)
System memory in use before: 84.4 MB.
System memory in use after: 84.4 MB.

Unloading 12 unused Assets to reduce memory usage. Loaded Objects now: 2255.
Total: 2.641700 ms (FindLiveObjects: 0.199600 ms CreateObjectMapping: 0.078700 ms MarkObjects: 2.199300 ms  DeleteObjects: 0.161900 ms)

========================================================================
Received Import Request.
  Time since last request: 50.324422 seconds.
  path: Assets/Scripts/PlayerMovement.cs
  artifactKey: Guid(e8ec87e1ffefa564fa572e242902f7be) Importer(815301076,1909f56bfc062723c751e8b465ee728b)
Start importing Assets/Scripts/PlayerMovement.cs using Guid(e8ec87e1ffefa564fa572e242902f7be) Importer(815301076,1909f56bfc062723c751e8b465ee728b)  -> (artifact id: 'a0e697cd280019b4f97fe654cb56f77c') in 0.006659 seconds
  Import took 0.011322 seconds .

========================================================================
Received Import Request.
  Time since last request: 7.737925 seconds.
  path: Assets/Scripts/PlayerMovement.cs
  artifactKey: Guid(e8ec87e1ffefa564fa572e242902f7be) Importer(815301076,1909f56bfc062723c751e8b465ee728b)
Start importing Assets/Scripts/PlayerMovement.cs using Guid(e8ec87e1ffefa564fa572e242902f7be) Importer(815301076,1909f56bfc062723c751e8b465ee728b)  -> (artifact id: '56b846c4195887311fce6026ab229e2d') in 0.007976 seconds
  Import took 0.012028 seconds .

========================================================================
Received Import Request.
  Time since last request: 184.341308 seconds.
  path: Assets/Scripts/PlayerMovement.cs
  artifactKey: Guid(e8ec87e1ffefa564fa572e242902f7be) Importer(815301076,1909f56bfc062723c751e8b465ee728b)
Start importing Assets/Scripts/PlayerMovement.cs using Guid(e8ec87e1ffefa564fa572e242902f7be) Importer(815301076,1909f56bfc062723c751e8b465ee728b)  -> (artifact id: 'a49e6dda99a71bbb7219012d67719b2e') in 0.002401 seconds
  Import took 0.011270 seconds .

========================================================================
Received Import Request.
  Time since last request: 7.287022 seconds.
  path: Assets/Scripts/PlayerMovement.cs
  artifactKey: Guid(e8ec87e1ffefa564fa572e242902f7be) Importer(815301076,1909f56bfc062723c751e8b465ee728b)
Start importing Assets/Scripts/PlayerMovement.cs using Guid(e8ec87e1ffefa564fa572e242902f7be) Importer(815301076,1909f56bfc062723c751e8b465ee728b)  -> (artifact id: '775bee5926c109dcd866254b3b00ea19') in 0.002481 seconds
  Import took 0.006148 seconds .

========================================================================
Received Prepare
Registering precompiled user dll's ...
Registered in 0.000867 seconds.
Begin MonoManager ReloadAssembly
Native extension for WindowsStandalone target not found
Native extension for WebGL target not found
Refreshing native plugins compatible for Editor in 0.99 ms, found 1 plugins.
Preloading 0 native plugins for Editor in 0.00 ms.
Invoked RoslynAnalysisRunner static constructor.
RoslynAnalysisRunner will not be running.
RoslynAnalysisRunner has terminated.
Mono: successfully reloaded assembly
- Completed reload, in  0.836 seconds
Platform modules already initialized, skipping
Refreshing native plugins compatible for Editor in 0.35 ms, found 1 plugins.
Preloading 0 native plugins for Editor in 0.00 ms.
Unloading 1793 Unused Serialized files (Serialized files now loaded: 0)
System memory in use before: 84.4 MB.
System memory in use after: 84.4 MB.

Unloading 12 unused Assets to reduce memory usage. Loaded Objects now: 2258.
Total: 2.073900 ms (FindLiveObjects: 0.187200 ms CreateObjectMapping: 0.075400 ms MarkObjects: 1.704100 ms  DeleteObjects: 0.106100 ms)

========================================================================
Received Import Request.
  Time since last request: 9.487740 seconds.
  path: Assets/Scripts/PlayerMovement.cs
  artifactKey: Guid(e8ec87e1ffefa564fa572e242902f7be) Importer(815301076,1909f56bfc062723c751e8b465ee728b)
Start importing Assets/Scripts/PlayerMovement.cs using Guid(e8ec87e1ffefa564fa572e242902f7be) Importer(815301076,1909f56bfc062723c751e8b465ee728b)  -> (artifact id: 'b8d84a3ae564da342ff5ad3fa1995645') in 0.010575 seconds
  Import took 0.015280 seconds .

========================================================================
Received Prepare
Registering precompiled user dll's ...
Registered in 0.000877 seconds.
Begin MonoManager ReloadAssembly
Native extension for WindowsStandalone target not found
Native extension for WebGL target not found
Refreshing native plugins compatible for Editor in 0.34 ms, found 1 plugins.
Preloading 0 native plugins for Editor in 0.00 ms.
Invoked RoslynAnalysisRunner static constructor.
RoslynAnalysisRunner will not be running.
RoslynAnalysisRunner has terminated.
Mono: successfully reloaded assembly
- Completed reload, in  0.834 seconds
Platform modules already initialized, skipping
Refreshing native plugins compatible for Editor in 0.29 ms, found 1 plugins.
Preloading 0 native plugins for Editor in 0.00 ms.
Unloading 1793 Unused Serialized files (Serialized files now loaded: 0)
System memory in use before: 84.5 MB.
System memory in use after: 84.4 MB.

Unloading 12 unused Assets to reduce memory usage. Loaded Objects now: 2261.
Total: 3.550200 ms (FindLiveObjects: 0.188800 ms CreateObjectMapping: 0.068600 ms MarkObjects: 3.114200 ms  DeleteObjects: 0.176600 ms)

========================================================================
Received Prepare
Registering precompiled user dll's ...
Registered in 0.000819 seconds.
Begin MonoManager ReloadAssembly
Native extension for WindowsStandalone target not found
Native extension for WebGL target not found
Refreshing native plugins compatible for Editor in 0.38 ms, found 1 plugins.
Preloading 0 native plugins for Editor in 0.00 ms.
Invoked RoslynAnalysisRunner static constructor.
RoslynAnalysisRunner will not be running.
RoslynAnalysisRunner has terminated.
Mono: successfully reloaded assembly
- Completed reload, in  0.752 seconds
Platform modules already initialized, skipping
Refreshing native plugins compatible for Editor in 0.32 ms, found 1 plugins.
Preloading 0 native plugins for Editor in 0.00 ms.
Unloading 1793 Unused Serialized files (Serialized files now loaded: 0)
System memory in use before: 84.5 MB.
System memory in use after: 84.5 MB.

Unloading 12 unused Assets to reduce memory usage. Loaded Objects now: 2264.
Total: 2.002400 ms (FindLiveObjects: 0.179300 ms CreateObjectMapping: 0.053300 ms MarkObjects: 1.653000 ms  DeleteObjects: 0.115400 ms)

========================================================================
Received Prepare
Registering precompiled user dll's ...
Registered in 0.001251 seconds.
Begin MonoManager ReloadAssembly
Native extension for WindowsStandalone target not found
Native extension for WebGL target not found
Refreshing native plugins compatible for Editor in 0.34 ms, found 1 plugins.
Preloading 0 native plugins for Editor in 0.00 ms.
Invoked RoslynAnalysisRunner static constructor.
RoslynAnalysisRunner will not be running.
RoslynAnalysisRunner has terminated.
Mono: successfully reloaded assembly
- Completed reload, in  0.942 seconds
Platform modules already initialized, skipping
Refreshing native plugins compatible for Editor in 0.34 ms, found 1 plugins.
Preloading 0 native plugins for Editor in 0.00 ms.
Unloading 1793 Unused Serialized files (Serialized files now loaded: 0)
System memory in use before: 84.5 MB.
System memory in use after: 84.5 MB.

Unloading 12 unused Assets to reduce memory usage. Loaded Objects now: 2267.
Total: 3.142800 ms (FindLiveObjects: 0.294600 ms CreateObjectMapping: 0.111600 ms MarkObjects: 2.586200 ms  DeleteObjects: 0.148500 ms)

========================================================================
Received Import Request.
  Time since last request: 375.419255 seconds.
  path: Assets/Scripts/PlayerMovement.cs
  artifactKey: Guid(e8ec87e1ffefa564fa572e242902f7be) Importer(815301076,1909f56bfc062723c751e8b465ee728b)
Start importing Assets/Scripts/PlayerMovement.cs using Guid(e8ec87e1ffefa564fa572e242902f7be) Importer(815301076,1909f56bfc062723c751e8b465ee728b)  -> (artifact id: 'aee87b460e87c6b40c006f86ac0d28b3') in 0.008125 seconds
  Import took 0.012789 seconds .

========================================================================
Received Import Request.
  Time since last request: 11.406379 seconds.
  path: Assets/Scripts/PlayerMovement.cs
  artifactKey: Guid(e8ec87e1ffefa564fa572e242902f7be) Importer(815301076,1909f56bfc062723c751e8b465ee728b)
Start importing Assets/Scripts/PlayerMovement.cs using Guid(e8ec87e1ffefa564fa572e242902f7be) Importer(815301076,1909f56bfc062723c751e8b465ee728b)  -> (artifact id: '82ccb2366a78bb305132f656ad8f781d') in 0.003054 seconds
  Import took 0.007132 seconds .

AssetImportWorkerClient::OnTransportError - code=2 error=End of file
